{"C:\\Users\\arthur.trapp\\Documents\\myapp\\exercicios\\funcao.js": {"path":"C:\\Users\\arthur.trapp\\Documents\\myapp\\exercicios\\funcao.js","statementMap":{"0":{"start":{"line":2,"column":4},"end":{"line":2,"column":22}},"1":{"start":{"line":5,"column":4},"end":{"line":5,"column":22}},"2":{"start":{"line":8,"column":4},"end":{"line":8,"column":22}},"3":{"start":{"line":11,"column":4},"end":{"line":11,"column":22}},"4":{"start":{"line":14,"column":4},"end":{"line":14,"column":28}},"5":{"start":{"line":17,"column":4},"end":{"line":17,"column":32}},"6":{"start":{"line":21,"column":18},"end":{"line":21,"column":42}},"7":{"start":{"line":22,"column":20},"end":{"line":22,"column":51}},"8":{"start":{"line":23,"column":21},"end":{"line":23,"column":43}},"9":{"start":{"line":24,"column":18},"end":{"line":24,"column":81}},"10":{"start":{"line":26,"column":4},"end":{"line":26,"column":16}},"11":{"start":{"line":30,"column":18},"end":{"line":30,"column":35}},"12":{"start":{"line":31,"column":23},"end":{"line":31,"column":40}},"13":{"start":{"line":32,"column":19},"end":{"line":32,"column":63}},"14":{"start":{"line":34,"column":4},"end":{"line":34,"column":17}},"15":{"start":{"line":37,"column":20},"end":{"line":37,"column":22}},"16":{"start":{"line":38,"column":4},"end":{"line":41,"column":5}},"17":{"start":{"line":38,"column":17},"end":{"line":38,"column":18}},"18":{"start":{"line":39,"column":30},"end":{"line":39,"column":38}},"19":{"start":{"line":40,"column":8},"end":{"line":40,"column":58}},"20":{"start":{"line":43,"column":4},"end":{"line":43,"column":21}},"21":{"start":{"line":46,"column":20},"end":{"line":46,"column":42}},"22":{"start":{"line":47,"column":4},"end":{"line":53,"column":5}},"23":{"start":{"line":49,"column":8},"end":{"line":49,"column":29}},"24":{"start":{"line":52,"column":8},"end":{"line":52,"column":30}},"25":{"start":{"line":54,"column":4},"end":{"line":54,"column":21}},"26":{"start":{"line":57,"column":20},"end":{"line":57,"column":26}},"27":{"start":{"line":58,"column":4},"end":{"line":64,"column":5}},"28":{"start":{"line":60,"column":8},"end":{"line":60,"column":40}},"29":{"start":{"line":61,"column":10},"end":{"line":64,"column":5}},"30":{"start":{"line":63,"column":8},"end":{"line":63,"column":38}},"31":{"start":{"line":65,"column":4},"end":{"line":65,"column":37}},"32":{"start":{"line":66,"column":4},"end":{"line":66,"column":21}},"33":{"start":{"line":70,"column":4},"end":{"line":78,"column":5}},"34":{"start":{"line":71,"column":2},"end":{"line":71,"column":26}},"35":{"start":{"line":72,"column":10},"end":{"line":78,"column":5}},"36":{"start":{"line":73,"column":2},"end":{"line":73,"column":27}},"37":{"start":{"line":74,"column":10},"end":{"line":78,"column":5}},"38":{"start":{"line":75,"column":2},"end":{"line":75,"column":27}},"39":{"start":{"line":77,"column":8},"end":{"line":77,"column":32}},"40":{"start":{"line":79,"column":8},"end":{"line":79,"column":24}},"41":{"start":{"line":83,"column":4},"end":{"line":89,"column":5}},"42":{"start":{"line":84,"column":2},"end":{"line":84,"column":23}},"43":{"start":{"line":85,"column":10},"end":{"line":89,"column":5}},"44":{"start":{"line":86,"column":2},"end":{"line":86,"column":23}},"45":{"start":{"line":88,"column":8},"end":{"line":88,"column":32}},"46":{"start":{"line":90,"column":8},"end":{"line":90,"column":24}},"47":{"start":{"line":94,"column":4},"end":{"line":100,"column":5}},"48":{"start":{"line":95,"column":2},"end":{"line":95,"column":21}},"49":{"start":{"line":96,"column":10},"end":{"line":100,"column":5}},"50":{"start":{"line":97,"column":2},"end":{"line":97,"column":18}},"51":{"start":{"line":99,"column":8},"end":{"line":99,"column":26}},"52":{"start":{"line":101,"column":8},"end":{"line":101,"column":24}},"53":{"start":{"line":105,"column":4},"end":{"line":111,"column":5}},"54":{"start":{"line":106,"column":2},"end":{"line":106,"column":42}},"55":{"start":{"line":107,"column":10},"end":{"line":111,"column":5}},"56":{"start":{"line":108,"column":2},"end":{"line":108,"column":42}},"57":{"start":{"line":110,"column":8},"end":{"line":110,"column":44}},"58":{"start":{"line":112,"column":8},"end":{"line":112,"column":24}},"59":{"start":{"line":116,"column":4},"end":{"line":118,"column":5}},"60":{"start":{"line":117,"column":8},"end":{"line":117,"column":124}},"61":{"start":{"line":120,"column":4},"end":{"line":125,"column":5}},"62":{"start":{"line":121,"column":8},"end":{"line":121,"column":49}},"63":{"start":{"line":122,"column":8},"end":{"line":122,"column":40}},"64":{"start":{"line":124,"column":8},"end":{"line":124,"column":82}},"65":{"start":{"line":126,"column":4},"end":{"line":126,"column":20}},"66":{"start":{"line":129,"column":21},"end":{"line":129,"column":25}},"67":{"start":{"line":130,"column":4},"end":{"line":150,"column":5}},"68":{"start":{"line":132,"column":2},"end":{"line":132,"column":31}},"69":{"start":{"line":134,"column":10},"end":{"line":150,"column":5}},"70":{"start":{"line":136,"column":2},"end":{"line":136,"column":49}},"71":{"start":{"line":138,"column":10},"end":{"line":150,"column":5}},"72":{"start":{"line":140,"column":2},"end":{"line":140,"column":50}},"73":{"start":{"line":142,"column":10},"end":{"line":150,"column":5}},"74":{"start":{"line":144,"column":2},"end":{"line":144,"column":50}},"75":{"start":{"line":148,"column":8},"end":{"line":148,"column":56}},"76":{"start":{"line":151,"column":4},"end":{"line":151,"column":20}},"77":{"start":{"line":154,"column":16},"end":{"line":154,"column":51}},"78":{"start":{"line":155,"column":4},"end":{"line":155,"column":29}},"79":{"start":{"line":157,"column":4},"end":{"line":163,"column":5}},"80":{"start":{"line":159,"column":8},"end":{"line":159,"column":49}},"81":{"start":{"line":162,"column":8},"end":{"line":162,"column":50}},"82":{"start":{"line":164,"column":4},"end":{"line":164,"column":21}},"83":{"start":{"line":167,"column":20},"end":{"line":167,"column":69}},"84":{"start":{"line":168,"column":4},"end":{"line":168,"column":37}},"85":{"start":{"line":169,"column":4},"end":{"line":169,"column":21}},"86":{"start":{"line":171,"column":0},"end":{"line":173,"column":80}}},"fnMap":{"0":{"name":"somar","decl":{"start":{"line":1,"column":9},"end":{"line":1,"column":14}},"loc":{"start":{"line":1,"column":27},"end":{"line":3,"column":1}},"line":1},"1":{"name":"subtrair","decl":{"start":{"line":4,"column":9},"end":{"line":4,"column":17}},"loc":{"start":{"line":4,"column":30},"end":{"line":6,"column":1}},"line":4},"2":{"name":"multiplicar","decl":{"start":{"line":7,"column":9},"end":{"line":7,"column":20}},"loc":{"start":{"line":7,"column":33},"end":{"line":9,"column":1}},"line":7},"3":{"name":"dividir","decl":{"start":{"line":10,"column":9},"end":{"line":10,"column":16}},"loc":{"start":{"line":10,"column":29},"end":{"line":12,"column":1}},"line":10},"4":{"name":"celsiofahrenheit","decl":{"start":{"line":13,"column":9},"end":{"line":13,"column":25}},"loc":{"start":{"line":13,"column":35},"end":{"line":15,"column":1}},"line":13},"5":{"name":"quilometrosmilha","decl":{"start":{"line":16,"column":9},"end":{"line":16,"column":25}},"loc":{"start":{"line":16,"column":39},"end":{"line":18,"column":1}},"line":16},"6":{"name":"segundoprelogio","decl":{"start":{"line":19,"column":9},"end":{"line":19,"column":24}},"loc":{"start":{"line":19,"column":44},"end":{"line":27,"column":1}},"line":19},"7":{"name":"quilometrosmetros","decl":{"start":{"line":28,"column":9},"end":{"line":28,"column":26}},"loc":{"start":{"line":28,"column":40},"end":{"line":35,"column":1}},"line":28},"8":{"name":"tabuada1a10","decl":{"start":{"line":36,"column":9},"end":{"line":36,"column":20}},"loc":{"start":{"line":36,"column":27},"end":{"line":44,"column":1}},"line":36},"9":{"name":"aprovado","decl":{"start":{"line":45,"column":9},"end":{"line":45,"column":17}},"loc":{"start":{"line":45,"column":36},"end":{"line":55,"column":1}},"line":45},"10":{"name":"imc","decl":{"start":{"line":56,"column":9},"end":{"line":56,"column":12}},"loc":{"start":{"line":56,"column":27},"end":{"line":67,"column":1}},"line":56},"11":{"name":"operacao","decl":{"start":{"line":68,"column":9},"end":{"line":68,"column":17}},"loc":{"start":{"line":68,"column":39},"end":{"line":80,"column":1}},"line":68},"12":{"name":"posiounega","decl":{"start":{"line":81,"column":9},"end":{"line":81,"column":19}},"loc":{"start":{"line":81,"column":26},"end":{"line":91,"column":1}},"line":81},"13":{"name":"parouimpar","decl":{"start":{"line":92,"column":9},"end":{"line":92,"column":19}},"loc":{"start":{"line":92,"column":26},"end":{"line":102,"column":1}},"line":92},"14":{"name":"maiorque","decl":{"start":{"line":103,"column":9},"end":{"line":103,"column":17}},"loc":{"start":{"line":103,"column":29},"end":{"line":113,"column":1}},"line":103},"15":{"name":"triangulo","decl":{"start":{"line":114,"column":9},"end":{"line":114,"column":18}},"loc":{"start":{"line":114,"column":42},"end":{"line":127,"column":1}},"line":114},"16":{"name":"impostoderenda","decl":{"start":{"line":128,"column":9},"end":{"line":128,"column":23}},"loc":{"start":{"line":128,"column":49},"end":{"line":152,"column":1}},"line":128},"17":{"name":"mediaponderada","decl":{"start":{"line":153,"column":9},"end":{"line":153,"column":23}},"loc":{"start":{"line":153,"column":42},"end":{"line":165,"column":1}},"line":153},"18":{"name":"valorcarro","decl":{"start":{"line":166,"column":9},"end":{"line":166,"column":19}},"loc":{"start":{"line":166,"column":36},"end":{"line":170,"column":1}},"line":166}},"branchMap":{"0":{"loc":{"start":{"line":47,"column":4},"end":{"line":53,"column":5}},"type":"if","locations":[{"start":{"line":47,"column":4},"end":{"line":53,"column":5}},{"start":{"line":51,"column":4},"end":{"line":53,"column":5}}],"line":47},"1":{"loc":{"start":{"line":58,"column":4},"end":{"line":64,"column":5}},"type":"if","locations":[{"start":{"line":58,"column":4},"end":{"line":64,"column":5}},{"start":{"line":61,"column":10},"end":{"line":64,"column":5}}],"line":58},"2":{"loc":{"start":{"line":58,"column":7},"end":{"line":58,"column":59}},"type":"binary-expr","locations":[{"start":{"line":58,"column":7},"end":{"line":58,"column":22}},{"start":{"line":58,"column":24},"end":{"line":58,"column":31}},{"start":{"line":58,"column":33},"end":{"line":58,"column":36}},{"start":{"line":58,"column":38},"end":{"line":58,"column":41}},{"start":{"line":58,"column":43},"end":{"line":58,"column":50}},{"start":{"line":58,"column":52},"end":{"line":58,"column":59}}],"line":58},"3":{"loc":{"start":{"line":61,"column":10},"end":{"line":64,"column":5}},"type":"if","locations":[{"start":{"line":61,"column":10},"end":{"line":64,"column":5}},{"start":{},"end":{}}],"line":61},"4":{"loc":{"start":{"line":61,"column":20},"end":{"line":61,"column":84}},"type":"binary-expr","locations":[{"start":{"line":61,"column":20},"end":{"line":61,"column":28}},{"start":{"line":61,"column":30},"end":{"line":61,"column":38}},{"start":{"line":61,"column":40},"end":{"line":61,"column":43}},{"start":{"line":61,"column":45},"end":{"line":61,"column":48}},{"start":{"line":61,"column":50},"end":{"line":61,"column":57}},{"start":{"line":61,"column":59},"end":{"line":61,"column":66}},{"start":{"line":61,"column":68},"end":{"line":61,"column":75}},{"start":{"line":61,"column":77},"end":{"line":61,"column":84}}],"line":61},"5":{"loc":{"start":{"line":70,"column":4},"end":{"line":78,"column":5}},"type":"if","locations":[{"start":{"line":70,"column":4},"end":{"line":78,"column":5}},{"start":{"line":72,"column":10},"end":{"line":78,"column":5}}],"line":70},"6":{"loc":{"start":{"line":72,"column":10},"end":{"line":78,"column":5}},"type":"if","locations":[{"start":{"line":72,"column":10},"end":{"line":78,"column":5}},{"start":{"line":74,"column":10},"end":{"line":78,"column":5}}],"line":72},"7":{"loc":{"start":{"line":74,"column":10},"end":{"line":78,"column":5}},"type":"if","locations":[{"start":{"line":74,"column":10},"end":{"line":78,"column":5}},{"start":{"line":76,"column":9},"end":{"line":78,"column":5}}],"line":74},"8":{"loc":{"start":{"line":83,"column":4},"end":{"line":89,"column":5}},"type":"if","locations":[{"start":{"line":83,"column":4},"end":{"line":89,"column":5}},{"start":{"line":85,"column":10},"end":{"line":89,"column":5}}],"line":83},"9":{"loc":{"start":{"line":85,"column":10},"end":{"line":89,"column":5}},"type":"if","locations":[{"start":{"line":85,"column":10},"end":{"line":89,"column":5}},{"start":{"line":87,"column":9},"end":{"line":89,"column":5}}],"line":85},"10":{"loc":{"start":{"line":94,"column":4},"end":{"line":100,"column":5}},"type":"if","locations":[{"start":{"line":94,"column":4},"end":{"line":100,"column":5}},{"start":{"line":96,"column":10},"end":{"line":100,"column":5}}],"line":94},"11":{"loc":{"start":{"line":96,"column":10},"end":{"line":100,"column":5}},"type":"if","locations":[{"start":{"line":96,"column":10},"end":{"line":100,"column":5}},{"start":{"line":98,"column":9},"end":{"line":100,"column":5}}],"line":96},"12":{"loc":{"start":{"line":105,"column":4},"end":{"line":111,"column":5}},"type":"if","locations":[{"start":{"line":105,"column":4},"end":{"line":111,"column":5}},{"start":{"line":107,"column":10},"end":{"line":111,"column":5}}],"line":105},"13":{"loc":{"start":{"line":107,"column":10},"end":{"line":111,"column":5}},"type":"if","locations":[{"start":{"line":107,"column":10},"end":{"line":111,"column":5}},{"start":{"line":109,"column":9},"end":{"line":111,"column":5}}],"line":107},"14":{"loc":{"start":{"line":116,"column":4},"end":{"line":118,"column":5}},"type":"if","locations":[{"start":{"line":116,"column":4},"end":{"line":118,"column":5}},{"start":{},"end":{}}],"line":116},"15":{"loc":{"start":{"line":116,"column":8},"end":{"line":116,"column":34}},"type":"binary-expr","locations":[{"start":{"line":116,"column":8},"end":{"line":116,"column":14}},{"start":{"line":116,"column":18},"end":{"line":116,"column":24}},{"start":{"line":116,"column":28},"end":{"line":116,"column":34}}],"line":116},"16":{"loc":{"start":{"line":120,"column":4},"end":{"line":125,"column":5}},"type":"if","locations":[{"start":{"line":120,"column":4},"end":{"line":125,"column":5}},{"start":{"line":123,"column":11},"end":{"line":125,"column":5}}],"line":120},"17":{"loc":{"start":{"line":120,"column":8},"end":{"line":120,"column":43}},"type":"binary-expr","locations":[{"start":{"line":120,"column":8},"end":{"line":120,"column":17}},{"start":{"line":120,"column":21},"end":{"line":120,"column":30}},{"start":{"line":120,"column":34},"end":{"line":120,"column":43}}],"line":120},"18":{"loc":{"start":{"line":130,"column":4},"end":{"line":150,"column":5}},"type":"if","locations":[{"start":{"line":130,"column":4},"end":{"line":150,"column":5}},{"start":{"line":134,"column":10},"end":{"line":150,"column":5}}],"line":130},"19":{"loc":{"start":{"line":134,"column":10},"end":{"line":150,"column":5}},"type":"if","locations":[{"start":{"line":134,"column":10},"end":{"line":150,"column":5}},{"start":{"line":138,"column":10},"end":{"line":150,"column":5}}],"line":134},"20":{"loc":{"start":{"line":138,"column":10},"end":{"line":150,"column":5}},"type":"if","locations":[{"start":{"line":138,"column":10},"end":{"line":150,"column":5}},{"start":{"line":142,"column":10},"end":{"line":150,"column":5}}],"line":138},"21":{"loc":{"start":{"line":142,"column":10},"end":{"line":150,"column":5}},"type":"if","locations":[{"start":{"line":142,"column":10},"end":{"line":150,"column":5}},{"start":{"line":146,"column":9},"end":{"line":150,"column":5}}],"line":142},"22":{"loc":{"start":{"line":157,"column":4},"end":{"line":163,"column":5}},"type":"if","locations":[{"start":{"line":157,"column":4},"end":{"line":163,"column":5}},{"start":{"line":161,"column":4},"end":{"line":163,"column":5}}],"line":157}},"s":{"0":1,"1":0,"2":0,"3":0,"4":0,"5":0,"6":0,"7":0,"8":0,"9":0,"10":0,"11":0,"12":0,"13":0,"14":0,"15":0,"16":0,"17":0,"18":0,"19":0,"20":0,"21":0,"22":0,"23":0,"24":0,"25":0,"26":0,"27":0,"28":0,"29":0,"30":0,"31":0,"32":0,"33":0,"34":0,"35":0,"36":0,"37":0,"38":0,"39":0,"40":0,"41":0,"42":0,"43":0,"44":0,"45":0,"46":0,"47":0,"48":0,"49":0,"50":0,"51":0,"52":0,"53":0,"54":0,"55":0,"56":0,"57":0,"58":0,"59":0,"60":0,"61":0,"62":0,"63":0,"64":0,"65":0,"66":0,"67":0,"68":0,"69":0,"70":0,"71":0,"72":0,"73":0,"74":0,"75":0,"76":0,"77":0,"78":0,"79":0,"80":0,"81":0,"82":0,"83":0,"84":0,"85":0,"86":1},"f":{"0":1,"1":0,"2":0,"3":0,"4":0,"5":0,"6":0,"7":0,"8":0,"9":0,"10":0,"11":0,"12":0,"13":0,"14":0,"15":0,"16":0,"17":0,"18":0},"b":{"0":[0,0],"1":[0,0],"2":[0,0,0,0,0,0],"3":[0,0],"4":[0,0,0,0,0,0,0,0],"5":[0,0],"6":[0,0],"7":[0,0],"8":[0,0],"9":[0,0],"10":[0,0],"11":[0,0],"12":[0,0],"13":[0,0],"14":[0,0],"15":[0,0,0],"16":[0,0],"17":[0,0,0],"18":[0,0],"19":[0,0],"20":[0,0],"21":[0,0],"22":[0,0]},"_coverageSchema":"1a1c01bbd47fc00a2c39e90264f33305004495a9","hash":"caa9834b85d89be317aba7b093f577a419223f10"}
}
