TN:
SF:exercicios\funcao.js
FN:1,somar
FN:4,subtrair
FN:7,multiplicar
FN:10,dividir
FN:13,celsiofahrenheit
FN:16,quilometrosmilha
FN:19,segundoprelogio
FN:28,quilometrosmetros
FN:36,tabuada1a10
FN:45,aprovado
FN:56,imc
FN:68,operacao
FN:81,posiounega
FN:92,parouimpar
FN:103,maiorque
FN:114,triangulo
FN:128,impostoderenda
FN:153,mediaponderada
FN:166,valorcarro
FNF:19
FNH:1
FNDA:1,somar
FNDA:0,subtrair
FNDA:0,multiplicar
FNDA:0,dividir
FNDA:0,celsiofahrenheit
FNDA:0,quilometrosmilha
FNDA:0,segundoprelogio
FNDA:0,quilometrosmetros
FNDA:0,tabuada1a10
FNDA:0,aprovado
FNDA:0,imc
FNDA:0,operacao
FNDA:0,posiounega
FNDA:0,parouimpar
FNDA:0,maiorque
FNDA:0,triangulo
FNDA:0,impostoderenda
FNDA:0,mediaponderada
FNDA:0,valorcarro
DA:2,1
DA:5,0
DA:8,0
DA:11,0
DA:14,0
DA:17,0
DA:21,0
DA:22,0
DA:23,0
DA:24,0
DA:26,0
DA:30,0
DA:31,0
DA:32,0
DA:34,0
DA:37,0
DA:38,0
DA:39,0
DA:40,0
DA:43,0
DA:46,0
DA:47,0
DA:49,0
DA:52,0
DA:54,0
DA:57,0
DA:58,0
DA:60,0
DA:61,0
DA:63,0
DA:65,0
DA:66,0
DA:70,0
DA:71,0
DA:72,0
DA:73,0
DA:74,0
DA:75,0
DA:77,0
DA:79,0
DA:83,0
DA:84,0
DA:85,0
DA:86,0
DA:88,0
DA:90,0
DA:94,0
DA:95,0
DA:96,0
DA:97,0
DA:99,0
DA:101,0
DA:105,0
DA:106,0
DA:107,0
DA:108,0
DA:110,0
DA:112,0
DA:116,0
DA:117,0
DA:120,0
DA:121,0
DA:122,0
DA:124,0
DA:126,0
DA:129,0
DA:130,0
DA:132,0
DA:134,0
DA:136,0
DA:138,0
DA:140,0
DA:142,0
DA:144,0
DA:148,0
DA:151,0
DA:154,0
DA:155,0
DA:157,0
DA:159,0
DA:162,0
DA:164,0
DA:167,0
DA:168,0
DA:169,0
DA:171,1
LF:86
LH:2
BRDA:47,0,0,0
BRDA:47,0,1,0
BRDA:58,1,0,0
BRDA:58,1,1,0
BRDA:58,2,0,0
BRDA:58,2,1,0
BRDA:58,2,2,0
BRDA:58,2,3,0
BRDA:58,2,4,0
BRDA:58,2,5,0
BRDA:61,3,0,0
BRDA:61,3,1,0
BRDA:61,4,0,0
BRDA:61,4,1,0
BRDA:61,4,2,0
BRDA:61,4,3,0
BRDA:61,4,4,0
BRDA:61,4,5,0
BRDA:61,4,6,0
BRDA:61,4,7,0
BRDA:70,5,0,0
BRDA:70,5,1,0
BRDA:72,6,0,0
BRDA:72,6,1,0
BRDA:74,7,0,0
BRDA:74,7,1,0
BRDA:83,8,0,0
BRDA:83,8,1,0
BRDA:85,9,0,0
BRDA:85,9,1,0
BRDA:94,10,0,0
BRDA:94,10,1,0
BRDA:96,11,0,0
BRDA:96,11,1,0
BRDA:105,12,0,0
BRDA:105,12,1,0
BRDA:107,13,0,0
BRDA:107,13,1,0
BRDA:116,14,0,0
BRDA:116,14,1,0
BRDA:116,15,0,0
BRDA:116,15,1,0
BRDA:116,15,2,0
BRDA:120,16,0,0
BRDA:120,16,1,0
BRDA:120,17,0,0
BRDA:120,17,1,0
BRDA:120,17,2,0
BRDA:130,18,0,0
BRDA:130,18,1,0
BRDA:134,19,0,0
BRDA:134,19,1,0
BRDA:138,20,0,0
BRDA:138,20,1,0
BRDA:142,21,0,0
BRDA:142,21,1,0
BRDA:157,22,0,0
BRDA:157,22,1,0
BRF:58
BRH:0
end_of_record
